########### array before sorts ###########
0	2.540000	35.560000	38.100000	35.560000	n
1	0.000000	2.540000	0.086548	1.882600	n
2	0.086548	1.882600	0.340295	1.270000	n
3	0.340295	1.270000	0.743949	0.743949	n
4	0.743949	0.743949	1.270000	0.340295	n
5	1.270000	0.340295	1.882600	0.086548	n
6	1.882600	0.086548	2.540000	0.000000	n
7	40.640000	2.540000	40.553452	1.882600	n
8	40.553452	1.882600	40.299705	1.270000	n
9	40.299705	1.270000	39.896051	0.743949	n
10	39.896051	0.743949	39.370000	0.340295	n
11	39.370000	0.340295	38.757400	0.086548	n
12	38.757400	0.086548	38.100000	0.000000	n
13	40.640000	2.540000	40.640000	33.020000	n
14	40.640000	33.020000	40.553452	33.677400	n
15	40.553452	33.677400	40.299705	34.290000	n
16	40.299705	34.290000	39.896051	34.816051	n
17	39.896051	34.816051	39.370000	35.219705	n
18	39.370000	35.219705	38.757400	35.473452	n
19	38.757400	35.473452	38.100000	35.560000	n
20	0.000000	2.540000	0.000000	33.020000	n
21	0.000000	33.020000	0.086548	33.677400	n
22	0.086548	33.677400	0.340295	34.290000	n
23	0.340295	34.290000	0.743949	34.816051	n
24	0.743949	34.816051	1.270000	35.219705	n
25	1.270000	35.219705	1.882600	35.473452	n
26	1.882600	35.473452	2.540000	35.560000	n
27	2.540000	0.000000	38.100000	0.000000	n
Tolerance=0.050000.
*Exact match for i=0 and j=19.
*i point 2.540000	35.560000	38.100000	35.560000	y
	*Before flip 	38.757400	35.473452	38.100000	35.560000	y
	*After flip 	38.100000	35.560000	38.757400	35.473452	y
*Exact match for i=1 and j=18.
*i point 38.100000	35.560000	38.757400	35.473452	y
	*Before flip 	39.370000	35.219705	38.757400	35.473452	y
	*After flip 	38.757400	35.473452	39.370000	35.219705	y
*Exact match for i=2 and j=17.
*i point 38.757400	35.473452	39.370000	35.219705	y
	*Before flip 	39.896051	34.816051	39.370000	35.219705	y
	*After flip 	39.370000	35.219705	39.896051	34.816051	y
*Exact match for i=3 and j=16.
*i point 39.370000	35.219705	39.896051	34.816051	y
	*Before flip 	40.299705	34.290000	39.896051	34.816051	y
	*After flip 	39.896051	34.816051	40.299705	34.290000	y
*Exact match for i=4 and j=15.
*i point 39.896051	34.816051	40.299705	34.290000	y
	*Before flip 	40.553452	33.677400	40.299705	34.290000	y
	*After flip 	40.299705	34.290000	40.553452	33.677400	y
*Exact match for i=5 and j=14.
*i point 40.299705	34.290000	40.553452	33.677400	y
	*Before flip 	40.640000	33.020000	40.553452	33.677400	y
	*After flip 	40.553452	33.677400	40.640000	33.020000	y
*Exact match for i=6 and j=13.
*i point 40.553452	33.677400	40.640000	33.020000	y
	*Before flip 	40.640000	2.540000	40.640000	33.020000	y
	*After flip 	40.640000	33.020000	40.640000	2.540000	y
*Exact match for i=7 and j=13.
*i point 40.640000	33.020000	40.640000	2.540000	y
*Exact match for i=8 and j=13.
*i point 40.640000	2.540000	40.553452	1.882600	y
*Exact match for i=9 and j=13.
*i point 40.553452	1.882600	40.299705	1.270000	y
*Exact match for i=10 and j=13.
*i point 40.299705	1.270000	39.896051	0.743949	y
*Exact match for i=11 and j=13.
*i point 39.896051	0.743949	39.370000	0.340295	y
*Exact match for i=12 and j=13.
*i point 39.370000	0.340295	38.757400	0.086548	y
*Exact match for i=13 and j=27.
*i point 38.757400	0.086548	38.100000	0.000000	y
	*Before flip 	2.540000	0.000000	38.100000	0.000000	y
	*After flip 	38.100000	0.000000	2.540000	0.000000	y
*Exact match for i=14 and j=27.
*i point 38.100000	0.000000	2.540000	0.000000	y
	*Before flip 	1.882600	0.086548	2.540000	0.000000	y
	*After flip 	2.540000	0.000000	1.882600	0.086548	y
*Exact match for i=15 and j=27.
*i point 2.540000	0.000000	1.882600	0.086548	y
	*Before flip 	1.270000	0.340295	1.882600	0.086548	y
	*After flip 	1.882600	0.086548	1.270000	0.340295	y
*Exact match for i=16 and j=27.
*i point 1.882600	0.086548	1.270000	0.340295	y
	*Before flip 	0.743949	0.743949	1.270000	0.340295	y
	*After flip 	1.270000	0.340295	0.743949	0.743949	y
*Exact match for i=17 and j=27.
*i point 1.270000	0.340295	0.743949	0.743949	y
	*Before flip 	0.340295	1.270000	0.743949	0.743949	y
	*After flip 	0.743949	0.743949	0.340295	1.270000	y
*Exact match for i=18 and j=27.
*i point 0.743949	0.743949	0.340295	1.270000	y
	*Before flip 	0.086548	1.882600	0.340295	1.270000	y
	*After flip 	0.340295	1.270000	0.086548	1.882600	y
*Exact match for i=19 and j=27.
*i point 0.340295	1.270000	0.086548	1.882600	y
	*Before flip 	0.000000	2.540000	0.086548	1.882600	y
	*After flip 	0.086548	1.882600	0.000000	2.540000	y
*Exact match for i=20 and j=27.
*i point 0.086548	1.882600	0.000000	2.540000	y
*Exact match for i=21 and j=27.
*i point 0.000000	2.540000	0.000000	33.020000	y
*Exact match for i=22 and j=27.
*i point 0.000000	33.020000	0.086548	33.677400	y
*Exact match for i=23 and j=27.
*i point 0.086548	33.677400	0.340295	34.290000	y
*Exact match for i=24 and j=27.
*i point 0.340295	34.290000	0.743949	34.816051	y
*Exact match for i=25 and j=27.
*i point 0.743949	34.816051	1.270000	35.219705	y
*Exact match for i=26 and j=27.
*i point 1.270000	35.219705	1.882600	35.473452	y
########### array after sorts ###########
0	2.540000	35.560000	38.100000	35.560000	y
1	38.100000	35.560000	38.757400	35.473452	y
2	38.757400	35.473452	39.370000	35.219705	y
3	39.370000	35.219705	39.896051	34.816051	y
4	39.896051	34.816051	40.299705	34.290000	y
5	40.299705	34.290000	40.553452	33.677400	y
6	40.553452	33.677400	40.640000	33.020000	y
7	40.640000	33.020000	40.640000	2.540000	y
8	40.640000	2.540000	40.553452	1.882600	y
9	40.553452	1.882600	40.299705	1.270000	y
10	40.299705	1.270000	39.896051	0.743949	y
11	39.896051	0.743949	39.370000	0.340295	y
12	39.370000	0.340295	38.757400	0.086548	y
13	38.757400	0.086548	38.100000	0.000000	y
14	38.100000	0.000000	2.540000	0.000000	y
15	2.540000	0.000000	1.882600	0.086548	y
16	1.882600	0.086548	1.270000	0.340295	y
17	1.270000	0.340295	0.743949	0.743949	y
18	0.743949	0.743949	0.340295	1.270000	y
19	0.340295	1.270000	0.086548	1.882600	y
20	0.086548	1.882600	0.000000	2.540000	y
21	0.000000	2.540000	0.000000	33.020000	y
22	0.000000	33.020000	0.086548	33.677400	y
23	0.086548	33.677400	0.340295	34.290000	y
24	0.340295	34.290000	0.743949	34.816051	y
25	0.743949	34.816051	1.270000	35.219705	y
26	1.270000	35.219705	1.882600	35.473452	y
27	1.882600	35.473452	2.540000	35.560000	y
***************
.BOARD_OUTLINE UNOWNED
1.6
0     2.540000     35.560000     0
0     38.100000     35.560000     0
0     38.757400     35.473452     0
0     39.370000     35.219705     0
0     39.896051     34.816051     0
0     40.299705     34.290000     0
0     40.553452     33.677400     0
0     40.640000     33.020000     0
0     40.640000     2.540000     0
0     40.553452     1.882600     0
0     40.299705     1.270000     0
0     39.896051     0.743949     0
0     39.370000     0.340295     0
0     38.757400     0.086548     0
0     38.100000     0.000000     0
0     2.540000     0.000000     0
0     1.882600     0.086548     0
0     1.270000     0.340295     0
0     0.743949     0.743949     0
0     0.340295     1.270000     0
0     0.086548     1.882600     0
0     0.000000     2.540000     0
0     0.000000     33.020000     0
0     0.086548     33.677400     0
0     0.340295     34.290000     0
0     0.743949     34.816051     0
0     1.270000     35.219705     0
0     1.882600     35.473452     0
0     2.540000     35.560000     0
