########### array before sorts ###########
0	0.000000	2.540000	0.000000	12.700000	n
1	0.000000	12.700000	0.086548	13.357400	n
2	0.086548	13.357400	0.340295	13.970000	n
3	0.340295	13.970000	0.743949	14.496051	n
4	0.743949	14.496051	1.270000	14.899705	n
5	1.270000	14.899705	1.882600	15.153452	n
6	1.882600	15.153452	2.540000	15.240000	n
7	2.540000	15.240000	21.590000	15.240000	n
8	21.590000	15.240000	22.247400	15.153452	n
9	22.247400	15.153452	22.860000	14.899705	n
10	22.860000	14.899705	23.386051	14.496051	n
11	23.386051	14.496051	23.789705	13.970000	n
12	23.789705	13.970000	24.043452	13.357400	n
13	24.043452	13.357400	24.130000	12.700000	n
14	24.130000	12.700000	24.130000	2.540000	n
15	24.130000	2.540000	24.043452	1.882600	n
16	24.043452	1.882600	23.789705	1.270000	n
17	23.789705	1.270000	23.386051	0.743949	n
18	23.386051	0.743949	22.860000	0.340295	n
19	22.860000	0.340295	22.247400	0.086548	n
20	22.247400	0.086548	21.590000	0.000000	n
21	21.590000	0.000000	2.540000	0.000000	n
22	2.540000	0.000000	1.882600	0.086548	n
23	1.882600	0.086548	1.270000	0.340295	n
24	1.270000	0.340295	0.743949	0.743949	n
25	0.743949	0.743949	0.340295	1.270000	n
26	0.340295	1.270000	0.086548	1.882600	n
27	0.086548	1.882600	0.000000	2.540000	n
Tolerance=0.050000.
*Exact match for i=0 and j=1.
*i point 0.000000	2.540000	0.000000	12.700000	y
*Exact match for i=1 and j=2.
*i point 0.000000	12.700000	0.086548	13.357400	y
*Exact match for i=2 and j=3.
*i point 0.086548	13.357400	0.340295	13.970000	y
*Exact match for i=3 and j=4.
*i point 0.340295	13.970000	0.743949	14.496051	y
*Exact match for i=4 and j=5.
*i point 0.743949	14.496051	1.270000	14.899705	y
*Exact match for i=5 and j=6.
*i point 1.270000	14.899705	1.882600	15.153452	y
*Exact match for i=6 and j=7.
*i point 1.882600	15.153452	2.540000	15.240000	y
*Exact match for i=7 and j=8.
*i point 2.540000	15.240000	21.590000	15.240000	y
*Exact match for i=8 and j=9.
*i point 21.590000	15.240000	22.247400	15.153452	y
*Exact match for i=9 and j=10.
*i point 22.247400	15.153452	22.860000	14.899705	y
*Exact match for i=10 and j=11.
*i point 22.860000	14.899705	23.386051	14.496051	y
*Exact match for i=11 and j=12.
*i point 23.386051	14.496051	23.789705	13.970000	y
*Exact match for i=12 and j=13.
*i point 23.789705	13.970000	24.043452	13.357400	y
*Exact match for i=13 and j=14.
*i point 24.043452	13.357400	24.130000	12.700000	y
*Exact match for i=14 and j=15.
*i point 24.130000	12.700000	24.130000	2.540000	y
*Exact match for i=15 and j=16.
*i point 24.130000	2.540000	24.043452	1.882600	y
*Exact match for i=16 and j=17.
*i point 24.043452	1.882600	23.789705	1.270000	y
*Exact match for i=17 and j=18.
*i point 23.789705	1.270000	23.386051	0.743949	y
*Exact match for i=18 and j=19.
*i point 23.386051	0.743949	22.860000	0.340295	y
*Exact match for i=19 and j=20.
*i point 22.860000	0.340295	22.247400	0.086548	y
*Exact match for i=20 and j=21.
*i point 22.247400	0.086548	21.590000	0.000000	y
*Exact match for i=21 and j=22.
*i point 21.590000	0.000000	2.540000	0.000000	y
*Exact match for i=22 and j=23.
*i point 2.540000	0.000000	1.882600	0.086548	y
*Exact match for i=23 and j=24.
*i point 1.882600	0.086548	1.270000	0.340295	y
*Exact match for i=24 and j=25.
*i point 1.270000	0.340295	0.743949	0.743949	y
*Exact match for i=25 and j=26.
*i point 0.743949	0.743949	0.340295	1.270000	y
*Exact match for i=26 and j=27.
*i point 0.340295	1.270000	0.086548	1.882600	y
########### array after sorts ###########
0	0.000000	2.540000	0.000000	12.700000	y
1	0.000000	12.700000	0.086548	13.357400	y
2	0.086548	13.357400	0.340295	13.970000	y
3	0.340295	13.970000	0.743949	14.496051	y
4	0.743949	14.496051	1.270000	14.899705	y
5	1.270000	14.899705	1.882600	15.153452	y
6	1.882600	15.153452	2.540000	15.240000	y
7	2.540000	15.240000	21.590000	15.240000	y
8	21.590000	15.240000	22.247400	15.153452	y
9	22.247400	15.153452	22.860000	14.899705	y
10	22.860000	14.899705	23.386051	14.496051	y
11	23.386051	14.496051	23.789705	13.970000	y
12	23.789705	13.970000	24.043452	13.357400	y
13	24.043452	13.357400	24.130000	12.700000	y
14	24.130000	12.700000	24.130000	2.540000	y
15	24.130000	2.540000	24.043452	1.882600	y
16	24.043452	1.882600	23.789705	1.270000	y
17	23.789705	1.270000	23.386051	0.743949	y
18	23.386051	0.743949	22.860000	0.340295	y
19	22.860000	0.340295	22.247400	0.086548	y
20	22.247400	0.086548	21.590000	0.000000	y
21	21.590000	0.000000	2.540000	0.000000	y
22	2.540000	0.000000	1.882600	0.086548	y
23	1.882600	0.086548	1.270000	0.340295	y
24	1.270000	0.340295	0.743949	0.743949	y
25	0.743949	0.743949	0.340295	1.270000	y
26	0.340295	1.270000	0.086548	1.882600	y
27	0.086548	1.882600	0.000000	2.540000	y
***************
.BOARD_OUTLINE UNOWNED
1.6
0     0.000000     2.540000     0
0     0.000000     12.700000     0
0     0.086548     13.357400     0
0     0.340295     13.970000     0
0     0.743949     14.496051     0
0     1.270000     14.899705     0
0     1.882600     15.153452     0
0     2.540000     15.240000     0
0     21.590000     15.240000     0
0     22.247400     15.153452     0
0     22.860000     14.899705     0
0     23.386051     14.496051     0
0     23.789705     13.970000     0
0     24.043452     13.357400     0
0     24.130000     12.700000     0
0     24.130000     2.540000     0
0     24.043452     1.882600     0
0     23.789705     1.270000     0
0     23.386051     0.743949     0
0     22.860000     0.340295     0
0     22.247400     0.086548     0
0     21.590000     0.000000     0
0     2.540000     0.000000     0
0     1.882600     0.086548     0
0     1.270000     0.340295     0
0     0.743949     0.743949     0
0     0.340295     1.270000     0
0     0.086548     1.882600     0
0     0.000000     2.540000     0
