########### array before sorts ###########
0	0.000000	12.192000	0.000000	1.905000	n
1	0.000000	1.905000	0.064911	1.411950	n
2	0.064911	1.411950	0.255222	0.952500	n
3	0.255222	0.952500	0.557962	0.557962	n
4	0.557962	0.557962	0.952500	0.255222	n
5	0.952500	0.255222	1.411950	0.064911	n
6	1.411950	0.064911	1.905000	0.000000	n
7	1.905000	0.000000	23.495000	0.000000	n
8	23.495000	0.000000	25.335089	1.411950	n
9	25.335089	1.411950	25.144778	0.952500	n
10	25.144778	0.952500	24.842038	0.557962	n
11	24.842038	0.557962	24.447500	0.255222	n
12	24.447500	0.255222	23.988050	0.064911	n
13	23.988050	0.064911	25.400000	1.905000	n
14	25.400000	1.905000	25.400000	12.192000	n
15	25.400000	12.192000	25.335089	12.685050	n
16	25.335089	12.685050	25.144778	13.144500	n
17	25.144778	13.144500	24.842038	13.539038	n
18	24.842038	13.539038	24.447500	13.841778	n
19	24.447500	13.841778	23.988050	14.032089	n
20	23.988050	14.032089	23.495000	14.097000	n
21	23.495000	14.097000	1.905000	14.097000	n
22	1.905000	14.097000	1.411950	14.032089	n
23	1.411950	14.032089	0.952500	13.841778	n
24	0.952500	13.841778	0.557962	13.539038	n
25	0.557962	13.539038	0.255222	13.144500	n
26	0.255222	13.144500	0.064911	12.685050	n
27	0.064911	12.685050	0.000000	12.192000	n
Tolerance=0.050000.
*Exact match for i=0 and j=1.
*i point 0.000000	12.192000	0.000000	1.905000	y
*Exact match for i=1 and j=2.
*i point 0.000000	1.905000	0.064911	1.411950	y
*Exact match for i=2 and j=3.
*i point 0.064911	1.411950	0.255222	0.952500	y
*Exact match for i=3 and j=4.
*i point 0.255222	0.952500	0.557962	0.557962	y
*Exact match for i=4 and j=5.
*i point 0.557962	0.557962	0.952500	0.255222	y
*Exact match for i=5 and j=6.
*i point 0.952500	0.255222	1.411950	0.064911	y
*Exact match for i=6 and j=7.
*i point 1.411950	0.064911	1.905000	0.000000	y
*Exact match for i=7 and j=8.
*i point 1.905000	0.000000	23.495000	0.000000	y
*Exact match for i=8 and j=9.
*i point 23.495000	0.000000	25.335089	1.411950	y
*Exact match for i=9 and j=10.
*i point 25.335089	1.411950	25.144778	0.952500	y
*Exact match for i=10 and j=11.
*i point 25.144778	0.952500	24.842038	0.557962	y
*Exact match for i=11 and j=12.
*i point 24.842038	0.557962	24.447500	0.255222	y
*Exact match for i=12 and j=13.
*i point 24.447500	0.255222	23.988050	0.064911	y
*Exact match for i=13 and j=14.
*i point 23.988050	0.064911	25.400000	1.905000	y
*Exact match for i=14 and j=15.
*i point 25.400000	1.905000	25.400000	12.192000	y
*Exact match for i=15 and j=16.
*i point 25.400000	12.192000	25.335089	12.685050	y
*Exact match for i=16 and j=17.
*i point 25.335089	12.685050	25.144778	13.144500	y
*Exact match for i=17 and j=18.
*i point 25.144778	13.144500	24.842038	13.539038	y
*Exact match for i=18 and j=19.
*i point 24.842038	13.539038	24.447500	13.841778	y
*Exact match for i=19 and j=20.
*i point 24.447500	13.841778	23.988050	14.032089	y
*Exact match for i=20 and j=21.
*i point 23.988050	14.032089	23.495000	14.097000	y
*Exact match for i=21 and j=22.
*i point 23.495000	14.097000	1.905000	14.097000	y
*Exact match for i=22 and j=23.
*i point 1.905000	14.097000	1.411950	14.032089	y
*Exact match for i=23 and j=24.
*i point 1.411950	14.032089	0.952500	13.841778	y
*Exact match for i=24 and j=25.
*i point 0.952500	13.841778	0.557962	13.539038	y
*Exact match for i=25 and j=26.
*i point 0.557962	13.539038	0.255222	13.144500	y
*Exact match for i=26 and j=27.
*i point 0.255222	13.144500	0.064911	12.685050	y
########### array after sorts ###########
0	0.000000	12.192000	0.000000	1.905000	y
1	0.000000	1.905000	0.064911	1.411950	y
2	0.064911	1.411950	0.255222	0.952500	y
3	0.255222	0.952500	0.557962	0.557962	y
4	0.557962	0.557962	0.952500	0.255222	y
5	0.952500	0.255222	1.411950	0.064911	y
6	1.411950	0.064911	1.905000	0.000000	y
7	1.905000	0.000000	23.495000	0.000000	y
8	23.495000	0.000000	25.335089	1.411950	y
9	25.335089	1.411950	25.144778	0.952500	y
10	25.144778	0.952500	24.842038	0.557962	y
11	24.842038	0.557962	24.447500	0.255222	y
12	24.447500	0.255222	23.988050	0.064911	y
13	23.988050	0.064911	25.400000	1.905000	y
14	25.400000	1.905000	25.400000	12.192000	y
15	25.400000	12.192000	25.335089	12.685050	y
16	25.335089	12.685050	25.144778	13.144500	y
17	25.144778	13.144500	24.842038	13.539038	y
18	24.842038	13.539038	24.447500	13.841778	y
19	24.447500	13.841778	23.988050	14.032089	y
20	23.988050	14.032089	23.495000	14.097000	y
21	23.495000	14.097000	1.905000	14.097000	y
22	1.905000	14.097000	1.411950	14.032089	y
23	1.411950	14.032089	0.952500	13.841778	y
24	0.952500	13.841778	0.557962	13.539038	y
25	0.557962	13.539038	0.255222	13.144500	y
26	0.255222	13.144500	0.064911	12.685050	y
27	0.064911	12.685050	0.000000	12.192000	y
***************
.BOARD_OUTLINE UNOWNED
1.6
0     0.000000     12.192000     0
0     0.000000     1.905000     0
0     0.064911     1.411950     0
0     0.255222     0.952500     0
0     0.557962     0.557962     0
0     0.952500     0.255222     0
0     1.411950     0.064911     0
0     1.905000     0.000000     0
0     23.495000     0.000000     0
0     25.335089     1.411950     0
0     25.144778     0.952500     0
0     24.842038     0.557962     0
0     24.447500     0.255222     0
0     23.988050     0.064911     0
0     25.400000     1.905000     0
0     25.400000     12.192000     0
0     25.335089     12.685050     0
0     25.144778     13.144500     0
0     24.842038     13.539038     0
0     24.447500     13.841778     0
0     23.988050     14.032089     0
0     23.495000     14.097000     0
0     1.905000     14.097000     0
0     1.411950     14.032089     0
0     0.952500     13.841778     0
0     0.557962     13.539038     0
0     0.255222     13.144500     0
0     0.064911     12.685050     0
0     0.000000     12.192000     0
