########### array before sorts ###########
0	0.000000	36.576000	0.000000	3.048000	n
1	0.000000	3.048000	1.524000	0.000000	n
2	1.524000	0.000000	18.796000	0.000000	n
3	18.796000	0.000000	20.320000	3.048000	n
4	20.320000	3.048000	20.320000	36.576000	n
5	20.320000	36.576000	0.000000	36.576000	n
Tolerance=0.050000.
*Exact match for i=0 and j=1.
*i point 0.000000	36.576000	0.000000	3.048000	y
*Exact match for i=1 and j=2.
*i point 0.000000	3.048000	1.524000	0.000000	y
*Exact match for i=2 and j=3.
*i point 1.524000	0.000000	18.796000	0.000000	y
*Exact match for i=3 and j=4.
*i point 18.796000	0.000000	20.320000	3.048000	y
*Exact match for i=4 and j=5.
*i point 20.320000	3.048000	20.320000	36.576000	y
########### array after sorts ###########
0	0.000000	36.576000	0.000000	3.048000	y
1	0.000000	3.048000	1.524000	0.000000	y
2	1.524000	0.000000	18.796000	0.000000	y
3	18.796000	0.000000	20.320000	3.048000	y
4	20.320000	3.048000	20.320000	36.576000	y
5	20.320000	36.576000	0.000000	36.576000	y
***************
.BOARD_OUTLINE UNOWNED
1.6
0     0.000000     36.576000     0
0     0.000000     3.048000     0
0     1.524000     0.000000     0
0     18.796000     0.000000     0
0     20.320000     3.048000     0
0     20.320000     36.576000     0
0     0.000000     36.576000     0
